<?xml version="1.0" encoding="UTF-8" ?>
<testsuite 
errors="0" failures="1" hostname="Inblrlt-rekha" name="com.glassbeam.scalatestdemo.LoginGBSpec" tests="1" time="10.486" timestamp="2014-02-06T10:35:59">
  <properties>
[...]
</properties>
  <testcase 
  name="GBLogin should have" classname="com.glassbeam.scalatestdemo.LoginGBSpec" time="10.441">
    <failure 
    message="WebElement 'form-login-password' not found." type="class org.scalatest.exceptions.TestFailedException">
      org.scalatest.exceptions.TestFailedException: WebElement 'form-login-password' not found.
      at org.scalatest.selenium.WebBrowser$Query$class.webElement(WebBrowser.scala:2671)
      at org.scalatest.selenium.WebBrowser$NameQuery.webElement(WebBrowser.scala:2710)
      at org.scalatest.selenium.WebBrowser$$anonfun$textField$1.apply(WebBrowser.scala:3108)
      at org.scalatest.selenium.WebBrowser$$anonfun$textField$1.apply(WebBrowser.scala:3108)
      at org.scalatest.selenium.WebBrowser$class.org$scalatest$selenium$WebBrowser$$tryQueries(WebBrowser.scala:3083)
      at org.scalatest.selenium.WebBrowser$class.textField(WebBrowser.scala:3108)
      at com.glassbeam.scalatestdemo.LoginGBSpec.textField(LoginGBSpec.scala:10)
      at com.glassbeam.scalatestdemo.LoginGBSpec$$anonfun$1.apply$mcV$sp(LoginGBSpec.scala:19)
      at com.glassbeam.scalatestdemo.LoginGBSpec$$anonfun$1.apply(LoginGBSpec.scala:14)
      at com.glassbeam.scalatestdemo.LoginGBSpec$$anonfun$1.apply(LoginGBSpec.scala:14)
      at org.scalatest.Transformer$$anonfun$apply$1.apply(Transformer.scala:22)
      at org.scalatest.Transformer$$anonfun$apply$1.apply(Transformer.scala:22)
      at org.scalatest.OutcomeOf$class.outcomeOf(OutcomeOf.scala:85)
      at org.scalatest.OutcomeOf$.outcomeOf(OutcomeOf.scala:104)
      at org.scalatest.Transformer.apply(Transformer.scala:22)
      at org.scalatest.Transformer.apply(Transformer.scala:20)
      at org.scalatest.FlatSpecLike$$anon$1.apply(FlatSpecLike.scala:1617)
      at org.scalatest.Suite$class.withFixture(Suite.scala:1106)
      at org.scalatest.FlatSpec.withFixture(FlatSpec.scala:1497)
      at org.scalatest.FlatSpecLike$class.invokeWithFixture$1(FlatSpecLike.scala:1614)
      at org.scalatest.FlatSpecLike$$anonfun$runTest$1.apply(FlatSpecLike.scala:1626)
      at org.scalatest.FlatSpecLike$$anonfun$runTest$1.apply(FlatSpecLike.scala:1626)
      at org.scalatest.SuperEngine.runTestImpl(Engine.scala:306)
      at org.scalatest.FlatSpecLike$class.runTest(FlatSpecLike.scala:1626)
      at org.scalatest.FlatSpec.runTest(FlatSpec.scala:1497)
      at org.scalatest.FlatSpecLike$$anonfun$runTests$1.apply(FlatSpecLike.scala:1684)
      at org.scalatest.FlatSpecLike$$anonfun$runTests$1.apply(FlatSpecLike.scala:1684)
      at org.scalatest.SuperEngine$$anonfun$traverseSubNodes$1$1.apply(Engine.scala:413)
      at org.scalatest.SuperEngine$$anonfun$traverseSubNodes$1$1.apply(Engine.scala:401)
      at scala.collection.immutable.List.foreach(List.scala:318)
      at org.scalatest.SuperEngine.traverseSubNodes$1(Engine.scala:401)
      at org.scalatest.SuperEngine.org$scalatest$SuperEngine$$runTestsInBranch(Engine.scala:390)
      at org.scalatest.SuperEngine$$anonfun$traverseSubNodes$1$1.apply(Engine.scala:427)
      at org.scalatest.SuperEngine$$anonfun$traverseSubNodes$1$1.apply(Engine.scala:401)
      at scala.collection.immutable.List.foreach(List.scala:318)
      at org.scalatest.SuperEngine.traverseSubNodes$1(Engine.scala:401)
      at org.scalatest.SuperEngine.org$scalatest$SuperEngine$$runTestsInBranch(Engine.scala:396)
      at org.scalatest.SuperEngine.runTestsImpl(Engine.scala:483)
      at org.scalatest.FlatSpecLike$class.runTests(FlatSpecLike.scala:1684)
      at org.scalatest.FlatSpec.runTests(FlatSpec.scala:1497)
      at org.scalatest.Suite$class.run(Suite.scala:1423)
      at org.scalatest.FlatSpec.org$scalatest$FlatSpecLike$$super$run(FlatSpec.scala:1497)
      at org.scalatest.FlatSpecLike$$anonfun$run$1.apply(FlatSpecLike.scala:1730)
      at org.scalatest.FlatSpecLike$$anonfun$run$1.apply(FlatSpecLike.scala:1730)
      at org.scalatest.SuperEngine.runImpl(Engine.scala:545)
      at org.scalatest.FlatSpecLike$class.run(FlatSpecLike.scala:1730)
      at org.scalatest.FlatSpec.run(FlatSpec.scala:1497)
      at org.scalatest.tools.Framework.runSuite(Framework.scala:270)
      at org.scalatest.tools.Framework$ScalaTestTask.execute(Framework.scala:477)
      at sbt.TestRunner.runTest$1(TestFramework.scala:84)
      at sbt.TestRunner.run(TestFramework.scala:94)
      at sbt.TestFramework$$anon$2$$anonfun$$init$$1$$anonfun$apply$8.apply(TestFramework.scala:224)
      at sbt.TestFramework$$anon$2$$anonfun$$init$$1$$anonfun$apply$8.apply(TestFramework.scala:224)
      at sbt.TestFramework$.sbt$TestFramework$$withContextLoader(TestFramework.scala:212)
      at sbt.TestFramework$$anon$2$$anonfun$$init$$1.apply(TestFramework.scala:224)
      at sbt.TestFramework$$anon$2$$anonfun$$init$$1.apply(TestFramework.scala:224)
      at sbt.TestFunction.apply(TestFramework.scala:229)
      at sbt.Tests$$anonfun$7.apply(Tests.scala:196)
      at sbt.Tests$$anonfun$7.apply(Tests.scala:196)
      at sbt.std.Transform$$anon$3$$anonfun$apply$2.apply(System.scala:45)
      at sbt.std.Transform$$anon$3$$anonfun$apply$2.apply(System.scala:45)
      at sbt.std.Transform$$anon$4.work(System.scala:64)
      at sbt.Execute$$anonfun$submit$1$$anonfun$apply$1.apply(Execute.scala:237)
      at sbt.Execute$$anonfun$submit$1$$anonfun$apply$1.apply(Execute.scala:237)
      at sbt.ErrorHandling$.wideConvert(ErrorHandling.scala:18)
      at sbt.Execute.work(Execute.scala:244)
      at sbt.Execute$$anonfun$submit$1.apply(Execute.scala:237)
      at sbt.Execute$$anonfun$submit$1.apply(Execute.scala:237)
      at sbt.ConcurrentRestrictions$$anon$4$$anonfun$1.apply(ConcurrentRestrictions.scala:160)
      at sbt.CompletionService$$anon$2.call(CompletionService.scala:30)
      at java.util.concurrent.FutureTask.run(FutureTask.java:262)
      at java.util.concurrent.Executors$RunnableAdapter.call(Executors.java:471)
      at java.util.concurrent.FutureTask.run(FutureTask.java:262)
      at java.util.concurrent.ThreadPoolExecutor.runWorker(ThreadPoolExecutor.java:1145)
      at java.util.concurrent.ThreadPoolExecutor$Worker.run(ThreadPoolExecutor.java:615)
      at java.lang.Thread.run(Thread.java:744)
      Cause: org.openqa.selenium.NoSuchElementException: Unable to locate element with name: form-login-password
For documentation on this error, please visit: http://seleniumhq.org/exceptions/no_such_element.html
Build info: version: '2.35.0', revision: '8df0c6bedf70ff9f22c647788f9fe9c8d22210e2', time: '2013-08-17 12:46:41'
System info: os.name: 'Linux', os.arch: 'i386', os.version: '3.2.0-37-generic-pae', java.version: '1.7.0_45'
Driver info: driver.version: HtmlUnitDriver
      at org.openqa.selenium.htmlunit.HtmlUnitDriver.findElementByName(HtmlUnitDriver.java:853)
      at org.openqa.selenium.By$ByName.findElement(By.java:292)
      at org.openqa.selenium.htmlunit.HtmlUnitDriver$5.call(HtmlUnitDriver.java:1404)
      at org.openqa.selenium.htmlunit.HtmlUnitDriver$5.call(HtmlUnitDriver.java:1401)
      at org.openqa.selenium.htmlunit.HtmlUnitDriver.implicitlyWaitFor(HtmlUnitDriver.java:1094)
      at org.openqa.selenium.htmlunit.HtmlUnitDriver.findElement(HtmlUnitDriver.java:1401)
      at org.openqa.selenium.htmlunit.HtmlUnitDriver.findElement(HtmlUnitDriver.java:419)
      at org.scalatest.selenium.WebBrowser$Query$class.webElement(WebBrowser.scala:2667)
      at org.scalatest.selenium.WebBrowser$NameQuery.webElement(WebBrowser.scala:2710)
      at org.scalatest.selenium.WebBrowser$$anonfun$textField$1.apply(WebBrowser.scala:3108)
      at org.scalatest.selenium.WebBrowser$$anonfun$textField$1.apply(WebBrowser.scala:3108)
      at org.scalatest.selenium.WebBrowser$class.org$scalatest$selenium$WebBrowser$$tryQueries(WebBrowser.scala:3083)
      at org.scalatest.selenium.WebBrowser$class.textField(WebBrowser.scala:3108)
      at com.glassbeam.scalatestdemo.LoginGBSpec.textField(LoginGBSpec.scala:10)
      at com.glassbeam.scalatestdemo.LoginGBSpec$$anonfun$1.apply$mcV$sp(LoginGBSpec.scala:19)
      at com.glassbeam.scalatestdemo.LoginGBSpec$$anonfun$1.apply(LoginGBSpec.scala:14)
      at com.glassbeam.scalatestdemo.LoginGBSpec$$anonfun$1.apply(LoginGBSpec.scala:14)
      at org.scalatest.Transformer$$anonfun$apply$1.apply(Transformer.scala:22)
      at org.scalatest.Transformer$$anonfun$apply$1.apply(Transformer.scala:22)
      at org.scalatest.OutcomeOf$class.outcomeOf(OutcomeOf.scala:85)
      at org.scalatest.OutcomeOf$.outcomeOf(OutcomeOf.scala:104)
      at org.scalatest.Transformer.apply(Transformer.scala:22)
      at org.scalatest.Transformer.apply(Transformer.scala:20)
      at org.scalatest.FlatSpecLike$$anon$1.apply(FlatSpecLike.scala:1617)
      at org.scalatest.Suite$class.withFixture(Suite.scala:1106)
      at org.scalatest.FlatSpec.withFixture(FlatSpec.scala:1497)
      at org.scalatest.FlatSpecLike$class.invokeWithFixture$1(FlatSpecLike.scala:1614)
      at org.scalatest.FlatSpecLike$$anonfun$runTest$1.apply(FlatSpecLike.scala:1626)
      at org.scalatest.FlatSpecLike$$anonfun$runTest$1.apply(FlatSpecLike.scala:1626)
      at org.scalatest.SuperEngine.runTestImpl(Engine.scala:306)
      at org.scalatest.FlatSpecLike$class.runTest(FlatSpecLike.scala:1626)
      at org.scalatest.FlatSpec.runTest(FlatSpec.scala:1497)
      at org.scalatest.FlatSpecLike$$anonfun$runTests$1.apply(FlatSpecLike.scala:1684)
      at org.scalatest.FlatSpecLike$$anonfun$runTests$1.apply(FlatSpecLike.scala:1684)
      at org.scalatest.SuperEngine$$anonfun$traverseSubNodes$1$1.apply(Engine.scala:413)
      at org.scalatest.SuperEngine$$anonfun$traverseSubNodes$1$1.apply(Engine.scala:401)
      at scala.collection.immutable.List.foreach(List.scala:318)
      at org.scalatest.SuperEngine.traverseSubNodes$1(Engine.scala:401)
      at org.scalatest.SuperEngine.org$scalatest$SuperEngine$$runTestsInBranch(Engine.scala:390)
      at org.scalatest.SuperEngine$$anonfun$traverseSubNodes$1$1.apply(Engine.scala:427)
      at org.scalatest.SuperEngine$$anonfun$traverseSubNodes$1$1.apply(Engine.scala:401)
      at scala.collection.immutable.List.foreach(List.scala:318)
      at org.scalatest.SuperEngine.traverseSubNodes$1(Engine.scala:401)
      at org.scalatest.SuperEngine.org$scalatest$SuperEngine$$runTestsInBranch(Engine.scala:396)
      at org.scalatest.SuperEngine.runTestsImpl(Engine.scala:483)
      at org.scalatest.FlatSpecLike$class.runTests(FlatSpecLike.scala:1684)
      at org.scalatest.FlatSpec.runTests(FlatSpec.scala:1497)
      at org.scalatest.Suite$class.run(Suite.scala:1423)
      at org.scalatest.FlatSpec.org$scalatest$FlatSpecLike$$super$run(FlatSpec.scala:1497)
      at org.scalatest.FlatSpecLike$$anonfun$run$1.apply(FlatSpecLike.scala:1730)
      at org.scalatest.FlatSpecLike$$anonfun$run$1.apply(FlatSpecLike.scala:1730)
      at org.scalatest.SuperEngine.runImpl(Engine.scala:545)
      at org.scalatest.FlatSpecLike$class.run(FlatSpecLike.scala:1730)
      at org.scalatest.FlatSpec.run(FlatSpec.scala:1497)
      at org.scalatest.tools.Framework.runSuite(Framework.scala:270)
      at org.scalatest.tools.Framework$ScalaTestTask.execute(Framework.scala:477)
      at sbt.TestRunner.runTest$1(TestFramework.scala:84)
      at sbt.TestRunner.run(TestFramework.scala:94)
      at sbt.TestFramework$$anon$2$$anonfun$$init$$1$$anonfun$apply$8.apply(TestFramework.scala:224)
      at sbt.TestFramework$$anon$2$$anonfun$$init$$1$$anonfun$apply$8.apply(TestFramework.scala:224)
      at sbt.TestFramework$.sbt$TestFramework$$withContextLoader(TestFramework.scala:212)
      at sbt.TestFramework$$anon$2$$anonfun$$init$$1.apply(TestFramework.scala:224)
      at sbt.TestFramework$$anon$2$$anonfun$$init$$1.apply(TestFramework.scala:224)
      at sbt.TestFunction.apply(TestFramework.scala:229)
      at sbt.Tests$$anonfun$7.apply(Tests.scala:196)
      at sbt.Tests$$anonfun$7.apply(Tests.scala:196)
      at sbt.std.Transform$$anon$3$$anonfun$apply$2.apply(System.scala:45)
      at sbt.std.Transform$$anon$3$$anonfun$apply$2.apply(System.scala:45)
      at sbt.std.Transform$$anon$4.work(System.scala:64)
      at sbt.Execute$$anonfun$submit$1$$anonfun$apply$1.apply(Execute.scala:237)
      at sbt.Execute$$anonfun$submit$1$$anonfun$apply$1.apply(Execute.scala:237)
      at sbt.ErrorHandling$.wideConvert(ErrorHandling.scala:18)
      at sbt.Execute.work(Execute.scala:244)
      at sbt.Execute$$anonfun$submit$1.apply(Execute.scala:237)
      at sbt.Execute$$anonfun$submit$1.apply(Execute.scala:237)
      at sbt.ConcurrentRestrictions$$anon$4$$anonfun$1.apply(ConcurrentRestrictions.scala:160)
      at sbt.CompletionService$$anon$2.call(CompletionService.scala:30)
      at java.util.concurrent.FutureTask.run(FutureTask.java:262)
      at java.util.concurrent.Executors$RunnableAdapter.call(Executors.java:471)
      at java.util.concurrent.FutureTask.run(FutureTask.java:262)
      at java.util.concurrent.ThreadPoolExecutor.runWorker(ThreadPoolExecutor.java:1145)
      at java.util.concurrent.ThreadPoolExecutor$Worker.run(ThreadPoolExecutor.java:615)
      at java.lang.Thread.run(Thread.java:744)
</failure>
</testcase>
  <system-out><![CDATA[]]></system-out>
  <system-err><![CDATA[]]></system-err>
</testsuite>
